<?xml version="1.0" encoding="UTF-8"?>
<!-- Generated by org.testng.reporters.JUnitXMLReporter -->
<testsuite hostname="UOLET-53N2L" ignored="0" name="Default test" tests="3" failures="0" timestamp="06 mar 2017 18:15:12 GMT" time="74.514" errors="0">
  <testcase name="AbrindoAplicativoEPassandoTutorial" time="10.429" classname="com.uolet.casos.teste.mobileApp.AbrindoAppPelaPrimeiraVez"/>
  <testcase name="ClicandoEmCarteiraSemEstarLogado" time="5.12" classname="com.uolet.casos.teste.mobileApp.AbrindoAppPelaPrimeiraVez"/>
  <testcase name="LogandoComLoginUolet" time="31.216" classname="com.uolet.casos.teste.mobileApp.AbrindoAppPelaPrimeiraVez"/>
</testsuite> <!-- Default test -->
