<?xml version="1.0" encoding="UTF-8"?>
<!-- Generated by org.testng.reporters.JUnitXMLReporter -->
<testsuite hostname="UOLET-53N2L" ignored="0" name="Default test" tests="3" failures="0" timestamp="03 mar 2017 20:34:18 GMT" time="69.444" errors="0">
  <testcase name="AbrindoAplicativoEPassandoTutorial" time="10.812" classname="com.uolet.casos.teste.mobileApp.AbrindoAppPelaPrimeiraVez"/>
  <testcase name="ClicandoEmCarteiraSemEstarLogado" time="5.072" classname="com.uolet.casos.teste.mobileApp.AbrindoAppPelaPrimeiraVez"/>
  <testcase name="LogandoComLoginUolet" time="28.994" classname="com.uolet.casos.teste.mobileApp.AbrindoAppPelaPrimeiraVez"/>
</testsuite> <!-- Default test -->
